Command line:
   ALU_isim_beh.exe
     -simmode  gui
     -simrunnum  0
     -socket  54072

Sun Apr 30 00:23:56 2017


 Elaboration Time: 0.0625 sec

 Current Memory Usage: 842.568 Meg

 Total Signals          : 4
 Total Nets             : 26
 Total Signal Drivers   : 1
 Total Blocks           : 4
 Total Primitive Blocks : 4
 Total Processes        : 1
 Total Traceable Variables  : 10
 Total Scalar Nets and Variables : 404
Total Line Count : 7

 Total Simulation Time: 0.078125 sec

 Current Memory Usage: 842.568 Meg

Sun Apr 30 00:24:08 2017

